0
0
1
2
2
0
7
0
0
3
0
0
1
3
8
3
6
1
1
8
5
6
6
8
2
9
6
1
0
2
3
1
4
4
3
1
1
1
1
3
1
3
7
1
6
7
0
6
5
1
6
1
2
1
8
2
0
3
0
17
3
3
6
2
0
1
2
0
0
3
5
3
2
6
2
0
3
8
3
0
3
1
10
0
4
2
0
0
3
3
2
0
0
0
6
2
7
4
2
0
2
1
6
0
11
5
3
1
2
0
1
1
0
0
17
18
5
6
5
5
2
3
3
10
1
0
0
1
1
0
5
3
2
3
0
0
5
3
9
0
0
14
0
1
6
4
0
0
0
6
2
0
11
2
0
7
0
0
0
3
5
29
2
0
2
1
12
1
10
0
0
0
0
1
1
0
6
14
1
2
2
8
8
13
9
1
0
3
0
8
2
2
0
1
0
0
5
0
0
1
0
5
4
7
13
1
3
0
0
2
4
0
0
6
3
0
0
4
0
8
1
0
2
0
0
0
1
10
3
2
3
3
0
0
3
4
3
3
0
1
5
9
0
1
3
1
5
0
3
1
0
4
0
0
0
2
6
0
1
0
0
7
4
1
0
10
0
1
3
0
1
11
1
8
4
1
0
1
0
4
3
0
0
5
1
4
0
0
2
5
0
0
5
0
0
7
7
1
1
1
2
14
3
0
3
0
0
7
0
2
1
7
0
0
2
4
6
1
1
0
8
2
11
1
0
5
0
0
0
4
1
2
4
2
2
5
3
0
0
1
3
0
8
3
1
0
0
9
0
0
9
2
0
2
2
3
1
2
1
0
1
4
1
0
3
2
1
11
1
3
0
6
3
1
1
3
2
0
4
3
0
2
1
4
6
4
0
0
0
2
