1
0
1
3
6
5
1
4
6
0
0
7
2
9
8
1
0
4
1
1
5
1
2
5
3
2
2
0
1
2
3
0
8
1
3
2
2
2
1
1
9
4
4
6
2
4
0
4
2
0
0
7
0
3
2
4
0
0
2
3
0
4
7
1
0
0
19
12
3
1
1
3
2
5
4
1
0
1
6
2
2
9
3
0
2
1
0
0
2
0
1
0
3
0
2
2
1
8
1
6
4
0
2
2
2
0
0
0
2
6
0
1
0
2
0
0
2
0
4
10
2
0
1
3
2
3
0
1
0
5
0
1
0
3
0
9
1
2
0
31
27
4
4
1
2
0
0
0
5
5
0
0
8
6
3
2
11
4
0
0
6
0
6
1
10
0
1
0
2
10
0
1
0
1
7
14
0
3
3
0
1
6
10
1
4
3
4
1
0
0
4
3
0
3
1
3
1
1
1
2
0
1
0
7
4
17
10
0
3
16
2
0
8
3
5
4
4
1
0
0
6
3
2
4
0
10
1
1
3
0
1
0
1
2
17
2
6
0
0
6
9
4
5
5
6
6
4
10
3
2
7
2
1
1
0
6
0
3
13
2
2
13
0
14
0
2
5
4
0
0
6
1
5
1
0
2
5
2
2
1
0
3
0
0
1
3
3
1
0
1
22
2
6
1
1
3
7
7
4
6
7
2
2
7
0
2
0
1
1
0
7
5
0
0
0
1
0
7
5
0
0
3
0
0
3
0
0
4
0
2
0
6
0
11
9
3
1
1
1
0
1
0
0
1
1
0
2
3
0
15
4
11
9
9
6
0
1
0
0
17
1
0
3
11
6
0
1
2
3
0
0
1
3
7
7
0
5
2
16
0
1
1
3
0
9
11
3
0
15
2
2
0
4
0
6
3
3
2
0
0
4
0
2
9
0
1
0
8
4
4
2
2
1
7
1
2
0
2
0
0
5
3
2
8
8
0
1
7
1
0
2
5
0
6
5
2
2
5
0
9
4
1
0
2
2
0
2
4
2
0
4
1
1
6
3
0
6
4
1
1
1
4
2
1
0
3
0
7
0
1
10
0
4
0
0
14
3
0
0
3
1
1
3
