0
5
4
19
0
4
3
0
7
4
5
1
0
3
12
0
3
0
0
1
3
0
4
5
1
0
0
7
3
6
7
3
2
6
0
5
3
9
2
1
4
0
3
4
3
13
2
5
0
0
2
3
0
9
1
1
0
0
0
1
1
1
13
1
7
0
2
10
8
3
5
2
6
13
1
5
1
5
0
1
1
2
6
2
10
0
2
1
2
3
0
4
1
1
0
2
11
0
3
1
0
5
0
2
0
0
2
3
0
0
3
0
7
3
0
0
11
2
1
1
5
1
7
11
10
7
4
0
0
1
4
1
1
1
5
0
2
14
2
6
0
4
4
1
4
6
9
2
7
2
1
3
2
2
0
0
0
6
3
5
8
0
2
1
2
12
0
2
1
3
0
1
6
1
1
8
0
5
3
15
5
0
4
6
10
1
1
0
4
0
2
7
12
3
2
0
0
0
0
0
10
3
0
4
7
3
0
1
0
1
1
2
8
0
4
0
0
4
5
1
8
1
1
0
0
0
0
10
9
4
0
6
5
0
0
1
1
4
6
6
0
6
0
2
2
3
5
2
2
1
5
2
1
4
2
17
0
3
2
4
4
5
3
0
0
3
1
1
14
0
4
8
1
2
0
2
0
0
1
5
6
14
1
5
0
6
1
0
4
5
0
0
3
2
3
6
6
7
6
0
2
6
0
4
9
0
3
1
0
4
4
5
0
7
4
0
2
0
4
0
3
0
1
0
0
1
0
0
10
3
7
1
1
3
1
4
2
2
4
0
6
3
2
3
0
8
0
6
4
1
1
3
1
3
10
3
1
0
9
1
9
5
5
5
0
0
1
0
0
1
4
15
7
0
1
1
11
3
3
1
6
3
4
4
2
4
1
1
1
4
0
0
12
0
8
2
7
6
4
8
9
5
1
2
0
1
2
0
6
6
12
1
9
4
12
0
1
8
0
3
1
2
4
2
3
1
7
1
3
5
3
0
3
3
1
13
3
8
0
6
2
2
5
5
0
0
0
0
4
5
0
6
0
8
4
5
4
4
6
11
1
0
12
1
0
0
7
6
4
0
0
0
4
4
1
0
0
0
6
